d:\projects\simple-game-engine\simplegameenginedx12\x64\debug\vc142.pdb
d:\projects\simple-game-engine\simplegameenginedx12\x64\debug\vc142.idb
d:\projects\simple-game-engine\simplegameenginedx12\x64\debug\window.obj
d:\projects\simple-game-engine\simplegameenginedx12\x64\debug\vertexshader.obj
d:\projects\simple-game-engine\simplegameenginedx12\x64\debug\vertexbuffer.obj
d:\projects\simple-game-engine\simplegameenginedx12\x64\debug\swapchain.obj
d:\projects\simple-game-engine\simplegameenginedx12\x64\debug\pixelshader.obj
d:\projects\simple-game-engine\simplegameenginedx12\x64\debug\main.obj
d:\projects\simple-game-engine\simplegameenginedx12\x64\debug\graphicsengine.obj
d:\projects\simple-game-engine\simplegameenginedx12\x64\debug\devicecontext.obj
d:\projects\simple-game-engine\simplegameenginedx12\x64\debug\constantbuffer.obj
d:\projects\simple-game-engine\simplegameenginedx12\x64\debug\appwindow.obj
d:\projects\simple-game-engine\simplegameenginedx12\x64\debug\simplegameenginedx12.pdb
d:\projects\simple-game-engine\simplegameenginedx12\x64\debug\simplega.07e5a193.tlog\cl.command.1.tlog
d:\projects\simple-game-engine\simplegameenginedx12\x64\debug\simplega.07e5a193.tlog\cl.read.1.tlog
d:\projects\simple-game-engine\simplegameenginedx12\x64\debug\simplega.07e5a193.tlog\cl.write.1.tlog
d:\projects\simple-game-engine\simplegameenginedx12\x64\debug\simplega.07e5a193.tlog\link-cvtres.read.1.tlog
d:\projects\simple-game-engine\simplegameenginedx12\x64\debug\simplega.07e5a193.tlog\link-cvtres.write.1.tlog
d:\projects\simple-game-engine\simplegameenginedx12\x64\debug\simplega.07e5a193.tlog\link-rc.read.1.tlog
d:\projects\simple-game-engine\simplegameenginedx12\x64\debug\simplega.07e5a193.tlog\link-rc.write.1.tlog
d:\projects\simple-game-engine\simplegameenginedx12\x64\debug\simplega.07e5a193.tlog\link.command.1.tlog
d:\projects\simple-game-engine\simplegameenginedx12\x64\debug\simplega.07e5a193.tlog\link.read.1.tlog
d:\projects\simple-game-engine\simplegameenginedx12\x64\debug\simplega.07e5a193.tlog\link.write.1.tlog
